<?xml version="1.0" encoding="UTF-8"?>
<!-- Generated by org.testng.reporters.JUnitReportReporter -->
<testsuite hostname="MT-4QQN6L3" failures="0" tests="2" name="com.mindtree.runner.Runner" time="19.383" errors="0" timestamp="2022-07-17T19:07:34 IST" skipped="0">
  <testcase classname="com.mindtree.runner.Runner" name="inputSearchAndCheck" time="9.433"/>
  <system-out/>
  <testcase classname="com.mindtree.runner.Runner" name="stringSearchAndCheck" time="9.950"/>
  <system-out/>
</testsuite> <!-- com.mindtree.runner.Runner -->
