<?xml version="1.0" encoding="UTF-8"?>
<!-- Generated by org.testng.reporters.JUnitReportReporter -->
<testsuite hostname="MT-4QQN6L3" failures="0" tests="4" name="msa4.sba.runner.Runner" time="0.398" errors="1" timestamp="2022-07-18T17:55:50 IST" skipped="3">
  <testcase classname="msa4.sba.runner.Runner" name="extentReport" time="0.398">
    <error type="java.lang.StackOverflowError">
      <![CDATA[java.lang.StackOverflowError
at msa4.sba.utilities.Reports.<init>(Reports.java:16)
at msa4.sba.utilities.BaseClass.<init>(BaseClass.java:28)
at msa4.sba.utilities.Reports.<init>(Reports.java:16)
at msa4.sba.utilities.BaseClass.<init>(BaseClass.java:28)
at msa4.sba.utilities.Reports.<init>(Reports.java:16)
at msa4.sba.utilities.BaseClass.<init>(BaseClass.java:28)
at msa4.sba.utilities.Reports.<init>(Reports.java:16)
at msa4.sba.utilities.BaseClass.<init>(BaseClass.java:28)
at msa4.sba.utilities.Reports.<init>(Reports.java:16)
at msa4.sba.utilities.BaseClass.<init>(BaseClass.java:28)
at msa4.sba.utilities.Reports.<init>(Reports.java:16)
at msa4.sba.utilities.BaseClass.<init>(BaseClass.java:28)
at msa4.sba.utilities.Reports.<init>(Reports.java:16)
at msa4.sba.utilities.BaseClass.<init>(BaseClass.java:28)
at msa4.sba.utilities.Reports.<init>(Reports.java:16)
at msa4.sba.utilities.BaseClass.<init>(BaseClass.java:28)
at msa4.sba.utilities.Reports.<init>(Reports.java:16)
at msa4.sba.utilities.BaseClass.<init>(BaseClass.java:28)
at msa4.sba.utilities.Reports.<init>(Reports.java:16)
at msa4.sba.utilities.BaseClass.<init>(BaseClass.java:28)
at msa4.sba.utilities.Reports.<init>(Reports.java:16)
at msa4.sba.utilities.BaseClass.<init>(BaseClass.java:28)
at msa4.sba.utilities.Reports.<init>(Reports.java:16)
at msa4.sba.utilities.BaseClass.<init>(BaseClass.java:28)
at msa4.sba.utilities.Reports.<init>(Reports.java:16)
at msa4.sba.utilities.BaseClass.<init>(BaseClass.java:28)
at msa4.sba.utilities.Reports.<init>(Reports.java:16)
at msa4.sba.utilities.BaseClass.<init>(BaseClass.java:28)
at msa4.sba.utilities.Reports.<init>(Reports.java:16)
at msa4.sba.utilities.BaseClass.<init>(BaseClass.java:28)
at msa4.sba.utilities.Reports.<init>(Reports.java:16)
at msa4.sba.utilities.BaseClass.<init>(BaseClass.java:28)
at msa4.sba.utilities.Reports.<init>(Reports.java:16)
at msa4.sba.utilities.BaseClass.<init>(BaseClass.java:28)
at msa4.sba.utilities.Reports.<init>(Reports.java:16)
at msa4.sba.utilities.BaseClass.<init>(BaseClass.java:28)
at msa4.sba.utilities.Reports.<init>(Reports.java:16)
at msa4.sba.utilities.BaseClass.<init>(BaseClass.java:28)
at msa4.sba.utilities.Reports.<init>(Reports.java:16)
at msa4.sba.utilities.BaseClass.<init>(BaseClass.java:28)
at msa4.sba.utilities.Reports.<init>(Reports.java:16)
at msa4.sba.utilities.BaseClass.<init>(BaseClass.java:28)
at msa4.sba.utilities.Reports.<init>(Reports.java:16)
at msa4.sba.utilities.BaseClass.<init>(BaseClass.java:28)
at msa4.sba.utilities.Reports.<init>(Reports.java:16)
at msa4.sba.utilities.BaseClass.<init>(BaseClass.java:28)
at msa4.sba.utilities.Reports.<init>(Reports.java:16)
at msa4.sba.utilities.BaseClass.<init>(BaseClass.java:28)
at msa4.sba.utilities.Reports.<init>(Reports.java:16)
at msa4.sba.utilities.BaseClass.<init>(BaseClass.java:28)
at msa4.sba.utilities.Reports.<init>(Reports.java:16)
at msa4.sba.utilities.BaseClass.<init>(BaseClass.java:28)
at msa4.sba.utilities.Reports.<init>(Reports.java:16)
at msa4.sba.utilities.BaseClass.<init>(BaseClass.java:28)
at msa4.sba.utilities.Reports.<init>(Reports.java:16)
at msa4.sba.utilities.BaseClass.<init>(BaseClass.java:28)
at msa4.sba.utilities.Reports.<init>(Reports.java:16)
at msa4.sba.utilities.BaseClass.<init>(BaseClass.java:28)
at msa4.sba.utilities.Reports.<init>(Reports.java:16)
at msa4.sba.utilities.BaseClass.<init>(BaseClass.java:28)
at msa4.sba.utilities.Reports.<init>(Reports.java:16)
at msa4.sba.utilities.BaseClass.<init>(BaseClass.java:28)
at msa4.sba.utilities.Reports.<init>(Reports.java:16)
at msa4.sba.utilities.BaseClass.<init>(BaseClass.java:28)
at msa4.sba.utilities.Reports.<init>(Reports.java:16)
at msa4.sba.utilities.BaseClass.<init>(BaseClass.java:28)
at msa4.sba.utilities.Reports.<init>(Reports.java:16)
at msa4.sba.utilities.BaseClass.<init>(BaseClass.java:28)
at msa4.sba.utilities.Reports.<init>(Reports.java:16)
at msa4.sba.utilities.BaseClass.<init>(BaseClass.java:28)
at msa4.sba.utilities.Reports.<init>(Reports.java:16)
at msa4.sba.utilities.BaseClass.<init>(BaseClass.java:28)
at msa4.sba.utilities.Reports.<init>(Reports.java:16)
at msa4.sba.utilities.BaseClass.<init>(BaseClass.java:28)
at msa4.sba.utilities.Reports.<init>(Reports.java:16)
at msa4.sba.utilities.BaseClass.<init>(BaseClass.java:28)
at msa4.sba.utilities.Reports.<init>(Reports.java:16)
at msa4.sba.utilities.BaseClass.<init>(BaseClass.java:28)
at msa4.sba.utilities.Reports.<init>(Reports.java:16)
at msa4.sba.utilities.BaseClass.<init>(BaseClass.java:28)
at msa4.sba.utilities.Reports.<init>(Reports.java:16)
at msa4.sba.utilities.BaseClass.<init>(BaseClass.java:28)
at msa4.sba.utilities.Reports.<init>(Reports.java:16)
at msa4.sba.utilities.BaseClass.<init>(BaseClass.java:28)
at msa4.sba.utilities.Reports.<init>(Reports.java:16)
at msa4.sba.utilities.BaseClass.<init>(BaseClass.java:28)
at msa4.sba.utilities.Reports.<init>(Reports.java:16)
at msa4.sba.utilities.BaseClass.<init>(BaseClass.java:28)
at msa4.sba.utilities.Reports.<init>(Reports.java:16)
at msa4.sba.utilities.BaseClass.<init>(BaseClass.java:28)
at msa4.sba.utilities.Reports.<init>(Reports.java:16)
at msa4.sba.utilities.BaseClass.<init>(BaseClass.java:28)
at msa4.sba.utilities.Reports.<init>(Reports.java:16)
at msa4.sba.utilities.BaseClass.<init>(BaseClass.java:28)
at msa4.sba.utilities.Reports.<init>(Reports.java:16)
at msa4.sba.utilities.BaseClass.<init>(BaseClass.java:28)
at msa4.sba.utilities.Reports.<init>(Reports.java:16)
at msa4.sba.utilities.BaseClass.<init>(BaseClass.java:28)
at msa4.sba.utilities.Reports.<init>(Reports.java:16)
at msa4.sba.utilities.BaseClass.<init>(BaseClass.java:28)
at msa4.sba.utilities.Reports.<init>(Reports.java:16)
at msa4.sba.utilities.BaseClass.<init>(BaseClass.java:28)
at msa4.sba.utilities.Reports.<init>(Reports.java:16)
at msa4.sba.utilities.BaseClass.<init>(BaseClass.java:28)
at msa4.sba.utilities.Reports.<init>(Reports.java:16)
at msa4.sba.utilities.BaseClass.<init>(BaseClass.java:28)
at msa4.sba.utilities.Reports.<init>(Reports.java:16)
at msa4.sba.utilities.BaseClass.<init>(BaseClass.java:28)
at msa4.sba.utilities.Reports.<init>(Reports.java:16)
at msa4.sba.utilities.BaseClass.<init>(BaseClass.java:28)
at msa4.sba.utilities.Reports.<init>(Reports.java:16)
at msa4.sba.utilities.BaseClass.<init>(BaseClass.java:28)
at msa4.sba.utilities.Reports.<init>(Reports.java:16)
at msa4.sba.utilities.BaseClass.<init>(BaseClass.java:28)
at msa4.sba.utilities.Reports.<init>(Reports.java:16)
at msa4.sba.utilities.BaseClass.<init>(BaseClass.java:28)
at msa4.sba.utilities.Reports.<init>(Reports.java:16)
at msa4.sba.utilities.BaseClass.<init>(BaseClass.java:28)
at msa4.sba.utilities.Reports.<init>(Reports.java:16)
at msa4.sba.utilities.BaseClass.<init>(BaseClass.java:28)
at msa4.sba.utilities.Reports.<init>(Reports.java:16)
at msa4.sba.utilities.BaseClass.<init>(BaseClass.java:28)
at msa4.sba.utilities.Reports.<init>(Reports.java:16)
at msa4.sba.utilities.BaseClass.<init>(BaseClass.java:28)
at msa4.sba.utilities.Reports.<init>(Reports.java:16)
at msa4.sba.utilities.BaseClass.<init>(BaseClass.java:28)
at msa4.sba.utilities.Reports.<init>(Reports.java:16)
at msa4.sba.utilities.BaseClass.<init>(BaseClass.java:28)
at msa4.sba.utilities.Reports.<init>(Reports.java:16)
at msa4.sba.utilities.BaseClass.<init>(BaseClass.java:28)
at msa4.sba.utilities.Reports.<init>(Reports.java:16)
at msa4.sba.utilities.BaseClass.<init>(BaseClass.java:28)
at msa4.sba.utilities.Reports.<init>(Reports.java:16)
at msa4.sba.utilities.BaseClass.<init>(BaseClass.java:28)
at msa4.sba.utilities.Reports.<init>(Reports.java:16)
at msa4.sba.utilities.BaseClass.<init>(BaseClass.java:28)
at msa4.sba.utilities.Reports.<init>(Reports.java:16)
at msa4.sba.utilities.BaseClass.<init>(BaseClass.java:28)
at msa4.sba.utilities.Reports.<init>(Reports.java:16)
at msa4.sba.utilities.BaseClass.<init>(BaseClass.java:28)
at msa4.sba.utilities.Reports.<init>(Reports.java:16)
at msa4.sba.utilities.BaseClass.<init>(BaseClass.java:28)
at msa4.sba.utilities.Reports.<init>(Reports.java:16)
at msa4.sba.utilities.BaseClass.<init>(BaseClass.java:28)
at msa4.sba.utilities.Reports.<init>(Reports.java:16)
at msa4.sba.utilities.BaseClass.<init>(BaseClass.java:28)
at msa4.sba.utilities.Reports.<init>(Reports.java:16)
at msa4.sba.utilities.BaseClass.<init>(BaseClass.java:28)
at msa4.sba.utilities.Reports.<init>(Reports.java:16)
at msa4.sba.utilities.BaseClass.<init>(BaseClass.java:28)
at msa4.sba.utilities.Reports.<init>(Reports.java:16)
at msa4.sba.utilities.BaseClass.<init>(BaseClass.java:28)
at msa4.sba.utilities.Reports.<init>(Reports.java:16)
at msa4.sba.utilities.BaseClass.<init>(BaseClass.java:28)
at msa4.sba.utilities.Reports.<init>(Reports.java:16)
at msa4.sba.utilities.BaseClass.<init>(BaseClass.java:28)
at msa4.sba.utilities.Reports.<init>(Reports.java:16)
at msa4.sba.utilities.BaseClass.<init>(BaseClass.java:28)
at msa4.sba.utilities.Reports.<init>(Reports.java:16)
at msa4.sba.utilities.BaseClass.<init>(BaseClass.java:28)
at msa4.sba.utilities.Reports.<init>(Reports.java:16)
at msa4.sba.utilities.BaseClass.<init>(BaseClass.java:28)
at msa4.sba.utilities.Reports.<init>(Reports.java:16)
at msa4.sba.utilities.BaseClass.<init>(BaseClass.java:28)
at msa4.sba.utilities.Reports.<init>(Reports.java:16)
at msa4.sba.utilities.BaseClass.<init>(BaseClass.java:28)
at msa4.sba.utilities.Reports.<init>(Reports.java:16)
at msa4.sba.utilities.BaseClass.<init>(BaseClass.java:28)
at msa4.sba.utilities.Reports.<init>(Reports.java:16)
at msa4.sba.utilities.BaseClass.<init>(BaseClass.java:28)
at msa4.sba.utilities.Reports.<init>(Reports.java:16)
at msa4.sba.utilities.BaseClass.<init>(BaseClass.java:28)
at msa4.sba.utilities.Reports.<init>(Reports.java:16)
at msa4.sba.utilities.BaseClass.<init>(BaseClass.java:28)
at msa4.sba.utilities.Reports.<init>(Reports.java:16)
at msa4.sba.utilities.BaseClass.<init>(BaseClass.java:28)
at msa4.sba.utilities.Reports.<init>(Reports.java:16)
at msa4.sba.utilities.BaseClass.<init>(BaseClass.java:28)
at msa4.sba.utilities.Reports.<init>(Reports.java:16)
at msa4.sba.utilities.BaseClass.<init>(BaseClass.java:28)
at msa4.sba.utilities.Reports.<init>(Reports.java:16)
at msa4.sba.utilities.BaseClass.<init>(BaseClass.java:28)
at msa4.sba.utilities.Reports.<init>(Reports.java:16)
at msa4.sba.utilities.BaseClass.<init>(BaseClass.java:28)
at msa4.sba.utilities.Reports.<init>(Reports.java:16)
at msa4.sba.utilities.BaseClass.<init>(BaseClass.java:28)
at msa4.sba.utilities.Reports.<init>(Reports.java:16)
at msa4.sba.utilities.BaseClass.<init>(BaseClass.java:28)
at msa4.sba.utilities.Reports.<init>(Reports.java:16)
at msa4.sba.utilities.BaseClass.<init>(BaseClass.java:28)
at msa4.sba.utilities.Reports.<init>(Reports.java:16)
at msa4.sba.utilities.BaseClass.<init>(BaseClass.java:28)
at msa4.sba.utilities.Reports.<init>(Reports.java:16)
at msa4.sba.utilities.BaseClass.<init>(BaseClass.java:28)
at msa4.sba.utilities.Reports.<init>(Reports.java:16)
at msa4.sba.utilities.BaseClass.<init>(BaseClass.java:28)
at msa4.sba.utilities.Reports.<init>(Reports.java:16)
at msa4.sba.utilities.BaseClass.<init>(BaseClass.java:28)
at msa4.sba.utilities.Reports.<init>(Reports.java:16)
at msa4.sba.utilities.BaseClass.<init>(BaseClass.java:28)
at msa4.sba.utilities.Reports.<init>(Reports.java:16)
at msa4.sba.utilities.BaseClass.<init>(BaseClass.java:28)
at msa4.sba.utilities.Reports.<init>(Reports.java:16)
at msa4.sba.utilities.BaseClass.<init>(BaseClass.java:28)
at msa4.sba.utilities.Reports.<init>(Reports.java:16)
at msa4.sba.utilities.BaseClass.<init>(BaseClass.java:28)
at msa4.sba.utilities.Reports.<init>(Reports.java:16)
at msa4.sba.utilities.BaseClass.<init>(BaseClass.java:28)
at msa4.sba.utilities.Reports.<init>(Reports.java:16)
at msa4.sba.utilities.BaseClass.<init>(BaseClass.java:28)
at msa4.sba.utilities.Reports.<init>(Reports.java:16)
at msa4.sba.utilities.BaseClass.<init>(BaseClass.java:28)
at msa4.sba.utilities.Reports.<init>(Reports.java:16)
at msa4.sba.utilities.BaseClass.<init>(BaseClass.java:28)
at msa4.sba.utilities.Reports.<init>(Reports.java:16)
at msa4.sba.utilities.BaseClass.<init>(BaseClass.java:28)
at msa4.sba.utilities.Reports.<init>(Reports.java:16)
at msa4.sba.utilities.BaseClass.<init>(BaseClass.java:28)
at msa4.sba.utilities.Reports.<init>(Reports.java:16)
at msa4.sba.utilities.BaseClass.<init>(BaseClass.java:28)
at msa4.sba.utilities.Reports.<init>(Reports.java:16)
at msa4.sba.utilities.BaseClass.<init>(BaseClass.java:28)
at msa4.sba.utilities.Reports.<init>(Reports.java:16)
at msa4.sba.utilities.BaseClass.<init>(BaseClass.java:28)
at msa4.sba.utilities.Reports.<init>(Reports.java:16)
at msa4.sba.utilities.BaseClass.<init>(BaseClass.java:28)
at msa4.sba.utilities.Reports.<init>(Reports.java:16)
at msa4.sba.utilities.BaseClass.<init>(BaseClass.java:28)
at msa4.sba.utilities.Reports.<init>(Reports.java:16)
at msa4.sba.utilities.BaseClass.<init>(BaseClass.java:28)
at msa4.sba.utilities.Reports.<init>(Reports.java:16)
at msa4.sba.utilities.BaseClass.<init>(BaseClass.java:28)
at msa4.sba.utilities.Reports.<init>(Reports.java:16)
at msa4.sba.utilities.BaseClass.<init>(BaseClass.java:28)
at msa4.sba.utilities.Reports.<init>(Reports.java:16)
at msa4.sba.utilities.BaseClass.<init>(BaseClass.java:28)
at msa4.sba.utilities.Reports.<init>(Reports.java:16)
at msa4.sba.utilities.BaseClass.<init>(BaseClass.java:28)
at msa4.sba.utilities.Reports.<init>(Reports.java:16)
at msa4.sba.utilities.BaseClass.<init>(BaseClass.java:28)
at msa4.sba.utilities.Reports.<init>(Reports.java:16)
at msa4.sba.utilities.BaseClass.<init>(BaseClass.java:28)
at msa4.sba.utilities.Reports.<init>(Reports.java:16)
at msa4.sba.utilities.BaseClass.<init>(BaseClass.java:28)
at msa4.sba.utilities.Reports.<init>(Reports.java:16)
at msa4.sba.utilities.BaseClass.<init>(BaseClass.java:28)
at msa4.sba.utilities.Reports.<init>(Reports.java:16)
at msa4.sba.utilities.BaseClass.<init>(BaseClass.java:28)
at msa4.sba.utilities.Reports.<init>(Reports.java:16)
at msa4.sba.utilities.BaseClass.<init>(BaseClass.java:28)
at msa4.sba.utilities.Reports.<init>(Reports.java:16)
at msa4.sba.utilities.BaseClass.<init>(BaseClass.java:28)
at msa4.sba.utilities.Reports.<init>(Reports.java:16)
at msa4.sba.utilities.BaseClass.<init>(BaseClass.java:28)
at msa4.sba.utilities.Reports.<init>(Reports.java:16)
at msa4.sba.utilities.BaseClass.<init>(BaseClass.java:28)
at msa4.sba.utilities.Reports.<init>(Reports.java:16)
at msa4.sba.utilities.BaseClass.<init>(BaseClass.java:28)
at msa4.sba.utilities.Reports.<init>(Reports.java:16)
at msa4.sba.utilities.BaseClass.<init>(BaseClass.java:28)
at msa4.sba.utilities.Reports.<init>(Reports.java:16)
at msa4.sba.utilities.BaseClass.<init>(BaseClass.java:28)
at msa4.sba.utilities.Reports.<init>(Reports.java:16)
at msa4.sba.utilities.BaseClass.<init>(BaseClass.java:28)
at msa4.sba.utilities.Reports.<init>(Reports.java:16)
at msa4.sba.utilities.BaseClass.<init>(BaseClass.java:28)
at msa4.sba.utilities.Reports.<init>(Reports.java:16)
at msa4.sba.utilities.BaseClass.<init>(BaseClass.java:28)
at msa4.sba.utilities.Reports.<init>(Reports.java:16)
at msa4.sba.utilities.BaseClass.<init>(BaseClass.java:28)
at msa4.sba.utilities.Reports.<init>(Reports.java:16)
at msa4.sba.utilities.BaseClass.<init>(BaseClass.java:28)
at msa4.sba.utilities.Reports.<init>(Reports.java:16)
at msa4.sba.utilities.BaseClass.<init>(BaseClass.java:28)
at msa4.sba.utilities.Reports.<init>(Reports.java:16)
at msa4.sba.utilities.BaseClass.<init>(BaseClass.java:28)
at msa4.sba.utilities.Reports.<init>(Reports.java:16)
at msa4.sba.utilities.BaseClass.<init>(BaseClass.java:28)
at msa4.sba.utilities.Reports.<init>(Reports.java:16)
at msa4.sba.utilities.BaseClass.<init>(BaseClass.java:28)
at msa4.sba.utilities.Reports.<init>(Reports.java:16)
at msa4.sba.utilities.BaseClass.<init>(BaseClass.java:28)
at msa4.sba.utilities.Reports.<init>(Reports.java:16)
at msa4.sba.utilities.BaseClass.<init>(BaseClass.java:28)
at msa4.sba.utilities.Reports.<init>(Reports.java:16)
at msa4.sba.utilities.BaseClass.<init>(BaseClass.java:28)
at msa4.sba.utilities.Reports.<init>(Reports.java:16)
at msa4.sba.utilities.BaseClass.<init>(BaseClass.java:28)
at msa4.sba.utilities.Reports.<init>(Reports.java:16)
at msa4.sba.utilities.BaseClass.<init>(BaseClass.java:28)
at msa4.sba.utilities.Reports.<init>(Reports.java:16)
at msa4.sba.utilities.BaseClass.<init>(BaseClass.java:28)
at msa4.sba.utilities.Reports.<init>(Reports.java:16)
at msa4.sba.utilities.BaseClass.<init>(BaseClass.java:28)
at msa4.sba.utilities.Reports.<init>(Reports.java:16)
at msa4.sba.utilities.BaseClass.<init>(BaseClass.java:28)
at msa4.sba.utilities.Reports.<init>(Reports.java:16)
at msa4.sba.utilities.BaseClass.<init>(BaseClass.java:28)
at msa4.sba.utilities.Reports.<init>(Reports.java:16)
at msa4.sba.utilities.BaseClass.<init>(BaseClass.java:28)
at msa4.sba.utilities.Reports.<init>(Reports.java:16)
at msa4.sba.utilities.BaseClass.<init>(BaseClass.java:28)
at msa4.sba.utilities.Reports.<init>(Reports.java:16)
at msa4.sba.utilities.BaseClass.<init>(BaseClass.java:28)
at msa4.sba.utilities.Reports.<init>(Reports.java:16)
at msa4.sba.utilities.BaseClass.<init>(BaseClass.java:28)
at msa4.sba.utilities.Reports.<init>(Reports.java:16)
at msa4.sba.utilities.BaseClass.<init>(BaseClass.java:28)
at msa4.sba.utilities.Reports.<init>(Reports.java:16)
at msa4.sba.utilities.BaseClass.<init>(BaseClass.java:28)
at msa4.sba.utilities.Reports.<init>(Reports.java:16)
at msa4.sba.utilities.BaseClass.<init>(BaseClass.java:28)
at msa4.sba.utilities.Reports.<init>(Reports.java:16)
at msa4.sba.utilities.BaseClass.<init>(BaseClass.java:28)
at msa4.sba.utilities.Reports.<init>(Reports.java:16)
at msa4.sba.utilities.BaseClass.<init>(BaseClass.java:28)
at msa4.sba.utilities.Reports.<init>(Reports.java:16)
at msa4.sba.utilities.BaseClass.<init>(BaseClass.java:28)
at msa4.sba.utilities.Reports.<init>(Reports.java:16)
at msa4.sba.utilities.BaseClass.<init>(BaseClass.java:28)
at msa4.sba.utilities.Reports.<init>(Reports.java:16)
at msa4.sba.utilities.BaseClass.<init>(BaseClass.java:28)
at msa4.sba.utilities.Reports.<init>(Reports.java:16)
at msa4.sba.utilities.BaseClass.<init>(BaseClass.java:28)
at msa4.sba.utilities.Reports.<init>(Reports.java:16)
at msa4.sba.utilities.BaseClass.<init>(BaseClass.java:28)
at msa4.sba.utilities.Reports.<init>(Reports.java:16)
at msa4.sba.utilities.BaseClass.<init>(BaseClass.java:28)
at msa4.sba.utilities.Reports.<init>(Reports.java:16)
at msa4.sba.utilities.BaseClass.<init>(BaseClass.java:28)
at msa4.sba.utilities.Reports.<init>(Reports.java:16)
at msa4.sba.utilities.BaseClass.<init>(BaseClass.java:28)
at msa4.sba.utilities.Reports.<init>(Reports.java:16)
at msa4.sba.utilities.BaseClass.<init>(BaseClass.java:28)
at msa4.sba.utilities.Reports.<init>(Reports.java:16)
at msa4.sba.utilities.BaseClass.<init>(BaseClass.java:28)
at msa4.sba.utilities.Reports.<init>(Reports.java:16)
at msa4.sba.utilities.BaseClass.<init>(BaseClass.java:28)
at msa4.sba.utilities.Reports.<init>(Reports.java:16)
at msa4.sba.utilities.BaseClass.<init>(BaseClass.java:28)
at msa4.sba.utilities.Reports.<init>(Reports.java:16)
at msa4.sba.utilities.BaseClass.<init>(BaseClass.java:28)
at msa4.sba.utilities.Reports.<init>(Reports.java:16)
at msa4.sba.utilities.BaseClass.<init>(BaseClass.java:28)
at msa4.sba.utilities.Reports.<init>(Reports.java:16)
at msa4.sba.utilities.BaseClass.<init>(BaseClass.java:28)
at msa4.sba.utilities.Reports.<init>(Reports.java:16)
at msa4.sba.utilities.BaseClass.<init>(BaseClass.java:28)
at msa4.sba.utilities.Reports.<init>(Reports.java:16)
at msa4.sba.utilities.BaseClass.<init>(BaseClass.java:28)
at msa4.sba.utilities.Reports.<init>(Reports.java:16)
at msa4.sba.utilities.BaseClass.<init>(BaseClass.java:28)
at msa4.sba.utilities.Reports.<init>(Reports.java:16)
at msa4.sba.utilities.BaseClass.<init>(BaseClass.java:28)
at msa4.sba.utilities.Reports.<init>(Reports.java:16)
at msa4.sba.utilities.BaseClass.<init>(BaseClass.java:28)
at msa4.sba.utilities.Reports.<init>(Reports.java:16)
at msa4.sba.utilities.BaseClass.<init>(BaseClass.java:28)
at msa4.sba.utilities.Reports.<init>(Reports.java:16)
at msa4.sba.utilities.BaseClass.<init>(BaseClass.java:28)
at msa4.sba.utilities.Reports.<init>(Reports.java:16)
at msa4.sba.utilities.BaseClass.<init>(BaseClass.java:28)
at msa4.sba.utilities.Reports.<init>(Reports.java:16)
at msa4.sba.utilities.BaseClass.<init>(BaseClass.java:28)
at msa4.sba.utilities.Reports.<init>(Reports.java:16)
at msa4.sba.utilities.BaseClass.<init>(BaseClass.java:28)
at msa4.sba.utilities.Reports.<init>(Reports.java:16)
at msa4.sba.utilities.BaseClass.<init>(BaseClass.java:28)
at msa4.sba.utilities.Reports.<init>(Reports.java:16)
at msa4.sba.utilities.BaseClass.<init>(BaseClass.java:28)
at msa4.sba.utilities.Reports.<init>(Reports.java:16)
at msa4.sba.utilities.BaseClass.<init>(BaseClass.java:28)
at msa4.sba.utilities.Reports.<init>(Reports.java:16)
at msa4.sba.utilities.BaseClass.<init>(BaseClass.java:28)
at msa4.sba.utilities.Reports.<init>(Reports.java:16)
at msa4.sba.utilities.BaseClass.<init>(BaseClass.java:28)
at msa4.sba.utilities.Reports.<init>(Reports.java:16)
at msa4.sba.utilities.BaseClass.<init>(BaseClass.java:28)
at msa4.sba.utilities.Reports.<init>(Reports.java:16)
at msa4.sba.utilities.BaseClass.<init>(BaseClass.java:28)
at msa4.sba.utilities.Reports.<init>(Reports.java:16)
at msa4.sba.utilities.BaseClass.<init>(BaseClass.java:28)
at msa4.sba.utilities.Reports.<init>(Reports.java:16)
at msa4.sba.utilities.BaseClass.<init>(BaseClass.java:28)
at msa4.sba.utilities.Reports.<init>(Reports.java:16)
at msa4.sba.utilities.BaseClass.<init>(BaseClass.java:28)
at msa4.sba.utilities.Reports.<init>(Reports.java:16)
at msa4.sba.utilities.BaseClass.<init>(BaseClass.java:28)
at msa4.sba.utilities.Reports.<init>(Reports.java:16)
at msa4.sba.utilities.BaseClass.<init>(BaseClass.java:28)
at msa4.sba.utilities.Reports.<init>(Reports.java:16)
at msa4.sba.utilities.BaseClass.<init>(BaseClass.java:28)
at msa4.sba.utilities.Reports.<init>(Reports.java:16)
at msa4.sba.utilities.BaseClass.<init>(BaseClass.java:28)
at msa4.sba.utilities.Reports.<init>(Reports.java:16)
at msa4.sba.utilities.BaseClass.<init>(BaseClass.java:28)
at msa4.sba.utilities.Reports.<init>(Reports.java:16)
at msa4.sba.utilities.BaseClass.<init>(BaseClass.java:28)
at msa4.sba.utilities.Reports.<init>(Reports.java:16)
at msa4.sba.utilities.BaseClass.<init>(BaseClass.java:28)
at msa4.sba.utilities.Reports.<init>(Reports.java:16)
at msa4.sba.utilities.BaseClass.<init>(BaseClass.java:28)
at msa4.sba.utilities.Reports.<init>(Reports.java:16)
at msa4.sba.utilities.BaseClass.<init>(BaseClass.java:28)
at msa4.sba.utilities.Reports.<init>(Reports.java:16)
at msa4.sba.utilities.BaseClass.<init>(BaseClass.java:28)
at msa4.sba.utilities.Reports.<init>(Reports.java:16)
at msa4.sba.utilities.BaseClass.<init>(BaseClass.java:28)
at msa4.sba.utilities.Reports.<init>(Reports.java:16)
at msa4.sba.utilities.BaseClass.<init>(BaseClass.java:28)
at msa4.sba.utilities.Reports.<init>(Reports.java:16)
at msa4.sba.utilities.BaseClass.<init>(BaseClass.java:28)
at msa4.sba.utilities.Reports.<init>(Reports.java:16)
at msa4.sba.utilities.BaseClass.<init>(BaseClass.java:28)
at msa4.sba.utilities.Reports.<init>(Reports.java:16)
at msa4.sba.utilities.BaseClass.<init>(BaseClass.java:28)
at msa4.sba.utilities.Reports.<init>(Reports.java:16)
at msa4.sba.utilities.BaseClass.<init>(BaseClass.java:28)
at msa4.sba.utilities.Reports.<init>(Reports.java:16)
at msa4.sba.utilities.BaseClass.<init>(BaseClass.java:28)
at msa4.sba.utilities.Reports.<init>(Reports.java:16)
at msa4.sba.utilities.BaseClass.<init>(BaseClass.java:28)
at msa4.sba.utilities.Reports.<init>(Reports.java:16)
at msa4.sba.utilities.BaseClass.<init>(BaseClass.java:28)
at msa4.sba.utilities.Reports.<init>(Reports.java:16)
at msa4.sba.utilities.BaseClass.<init>(BaseClass.java:28)
at msa4.sba.utilities.Reports.<init>(Reports.java:16)
at msa4.sba.utilities.BaseClass.<init>(BaseClass.java:28)
at msa4.sba.utilities.Reports.<init>(Reports.java:16)
at msa4.sba.utilities.BaseClass.<init>(BaseClass.java:28)
at msa4.sba.utilities.Reports.<init>(Reports.java:16)
at msa4.sba.utilities.BaseClass.<init>(BaseClass.java:28)
at msa4.sba.utilities.Reports.<init>(Reports.java:16)
at msa4.sba.utilities.BaseClass.<init>(BaseClass.java:28)
at msa4.sba.utilities.Reports.<init>(Reports.java:16)
at msa4.sba.utilities.BaseClass.<init>(BaseClass.java:28)
at msa4.sba.utilities.Reports.<init>(Reports.java:16)
at msa4.sba.utilities.BaseClass.<init>(BaseClass.java:28)
at msa4.sba.utilities.Reports.<init>(Reports.java:16)
at msa4.sba.utilities.BaseClass.<init>(BaseClass.java:28)
at msa4.sba.utilities.Reports.<init>(Reports.java:16)
at msa4.sba.utilities.BaseClass.<init>(BaseClass.java:28)
at msa4.sba.utilities.Reports.<init>(Reports.java:16)
at msa4.sba.utilities.BaseClass.<init>(BaseClass.java:28)
at msa4.sba.utilities.Reports.<init>(Reports.java:16)
at msa4.sba.utilities.BaseClass.<init>(BaseClass.java:28)
at msa4.sba.utilities.Reports.<init>(Reports.java:16)
at msa4.sba.utilities.BaseClass.<init>(BaseClass.java:28)
at msa4.sba.utilities.Reports.<init>(Reports.java:16)
at msa4.sba.utilities.BaseClass.<init>(BaseClass.java:28)
at msa4.sba.utilities.Reports.<init>(Reports.java:16)
at msa4.sba.utilities.BaseClass.<init>(BaseClass.java:28)
at msa4.sba.utilities.Reports.<init>(Reports.java:16)
at msa4.sba.utilities.BaseClass.<init>(BaseClass.java:28)
at msa4.sba.utilities.Reports.<init>(Reports.java:16)
at msa4.sba.utilities.BaseClass.<init>(BaseClass.java:28)
at msa4.sba.utilities.Reports.<init>(Reports.java:16)
at msa4.sba.utilities.BaseClass.<init>(BaseClass.java:28)
at msa4.sba.utilities.Reports.<init>(Reports.java:16)
at msa4.sba.utilities.BaseClass.<init>(BaseClass.java:28)
at msa4.sba.utilities.Reports.<init>(Reports.java:16)
at msa4.sba.utilities.BaseClass.<init>(BaseClass.java:28)
at msa4.sba.utilities.Reports.<init>(Reports.java:16)
at msa4.sba.utilities.BaseClass.<init>(BaseClass.java:28)
at msa4.sba.utilities.Reports.<init>(Reports.java:16)
at msa4.sba.utilities.BaseClass.<init>(BaseClass.java:28)
at msa4.sba.utilities.Reports.<init>(Reports.java:16)
at msa4.sba.utilities.BaseClass.<init>(BaseClass.java:28)
at msa4.sba.utilities.Reports.<init>(Reports.java:16)
at msa4.sba.utilities.BaseClass.<init>(BaseClass.java:28)
at msa4.sba.utilities.Reports.<init>(Reports.java:16)
at msa4.sba.utilities.BaseClass.<init>(BaseClass.java:28)
at msa4.sba.utilities.Reports.<init>(Reports.java:16)
at msa4.sba.utilities.BaseClass.<init>(BaseClass.java:28)
at msa4.sba.utilities.Reports.<init>(Reports.java:16)
at msa4.sba.utilities.BaseClass.<init>(BaseClass.java:28)
at msa4.sba.utilities.Reports.<init>(Reports.java:16)
at msa4.sba.utilities.BaseClass.<init>(BaseClass.java:28)
at msa4.sba.utilities.Reports.<init>(Reports.java:16)
at msa4.sba.utilities.BaseClass.<init>(BaseClass.java:28)
at msa4.sba.utilities.Reports.<init>(Reports.java:16)
at msa4.sba.utilities.BaseClass.<init>(BaseClass.java:28)
at msa4.sba.utilities.Reports.<init>(Reports.java:16)
at msa4.sba.utilities.BaseClass.<init>(BaseClass.java:28)
at msa4.sba.utilities.Reports.<init>(Reports.java:16)
at msa4.sba.utilities.BaseClass.<init>(BaseClass.java:28)
at msa4.sba.utilities.Reports.<init>(Reports.java:16)
at msa4.sba.utilities.BaseClass.<init>(BaseClass.java:28)
at msa4.sba.utilities.Reports.<init>(Reports.java:16)
at msa4.sba.utilities.BaseClass.<init>(BaseClass.java:28)
at msa4.sba.utilities.Reports.<init>(Reports.java:16)
at msa4.sba.utilities.BaseClass.<init>(BaseClass.java:28)
at msa4.sba.utilities.Reports.<init>(Reports.java:16)
at msa4.sba.utilities.BaseClass.<init>(BaseClass.java:28)
at msa4.sba.utilities.Reports.<init>(Reports.java:16)
at msa4.sba.utilities.BaseClass.<init>(BaseClass.java:28)
at msa4.sba.utilities.Reports.<init>(Reports.java:16)
at msa4.sba.utilities.BaseClass.<init>(BaseClass.java:28)
at msa4.sba.utilities.Reports.<init>(Reports.java:16)
at msa4.sba.utilities.BaseClass.<init>(BaseClass.java:28)
at msa4.sba.utilities.Reports.<init>(Reports.java:16)
at msa4.sba.utilities.BaseClass.<init>(BaseClass.java:28)
at msa4.sba.utilities.Reports.<init>(Reports.java:16)
at msa4.sba.utilities.BaseClass.<init>(BaseClass.java:28)
at msa4.sba.utilities.Reports.<init>(Reports.java:16)
at msa4.sba.utilities.BaseClass.<init>(BaseClass.java:28)
at msa4.sba.utilities.Reports.<init>(Reports.java:16)
at msa4.sba.utilities.BaseClass.<init>(BaseClass.java:28)
at msa4.sba.utilities.Reports.<init>(Reports.java:16)
at msa4.sba.utilities.BaseClass.<init>(BaseClass.java:28)
at msa4.sba.utilities.Reports.<init>(Reports.java:16)
at msa4.sba.utilities.BaseClass.<init>(BaseClass.java:28)
at msa4.sba.utilities.Reports.<init>(Reports.java:16)
at msa4.sba.utilities.BaseClass.<init>(BaseClass.java:28)
at msa4.sba.utilities.Reports.<init>(Reports.java:16)
at msa4.sba.utilities.BaseClass.<init>(BaseClass.java:28)
at msa4.sba.utilities.Reports.<init>(Reports.java:16)
at msa4.sba.utilities.BaseClass.<init>(BaseClass.java:28)
at msa4.sba.utilities.Reports.<init>(Reports.java:16)
at msa4.sba.utilities.BaseClass.<init>(BaseClass.java:28)
at msa4.sba.utilities.Reports.<init>(Reports.java:16)
at msa4.sba.utilities.BaseClass.<init>(BaseClass.java:28)
at msa4.sba.utilities.Reports.<init>(Reports.java:16)
at msa4.sba.utilities.BaseClass.<init>(BaseClass.java:28)
at msa4.sba.utilities.Reports.<init>(Reports.java:16)
at msa4.sba.utilities.BaseClass.<init>(BaseClass.java:28)
at msa4.sba.utilities.Reports.<init>(Reports.java:16)
at msa4.sba.utilities.BaseClass.<init>(BaseClass.java:28)
at msa4.sba.utilities.Reports.<init>(Reports.java:16)
at msa4.sba.utilities.BaseClass.<init>(BaseClass.java:28)
at msa4.sba.utilities.Reports.<init>(Reports.java:16)
at msa4.sba.utilities.BaseClass.<init>(BaseClass.java:28)
at msa4.sba.utilities.Reports.<init>(Reports.java:16)
at msa4.sba.utilities.BaseClass.<init>(BaseClass.java:28)
at msa4.sba.utilities.Reports.<init>(Reports.java:16)
at msa4.sba.utilities.BaseClass.<init>(BaseClass.java:28)
at msa4.sba.utilities.Reports.<init>(Reports.java:16)
at msa4.sba.utilities.BaseClass.<init>(BaseClass.java:28)
at msa4.sba.utilities.Reports.<init>(Reports.java:16)
at msa4.sba.utilities.BaseClass.<init>(BaseClass.java:28)
at msa4.sba.utilities.Reports.<init>(Reports.java:16)
at msa4.sba.utilities.BaseClass.<init>(BaseClass.java:28)
at msa4.sba.utilities.Reports.<init>(Reports.java:16)
at msa4.sba.utilities.BaseClass.<init>(BaseClass.java:28)
at msa4.sba.utilities.Reports.<init>(Reports.java:16)
at msa4.sba.utilities.BaseClass.<init>(BaseClass.java:28)
at msa4.sba.utilities.Reports.<init>(Reports.java:16)
at msa4.sba.utilities.BaseClass.<init>(BaseClass.java:28)
at msa4.sba.utilities.Reports.<init>(Reports.java:16)
at msa4.sba.utilities.BaseClass.<init>(BaseClass.java:28)
at msa4.sba.utilities.Reports.<init>(Reports.java:16)
at msa4.sba.utilities.BaseClass.<init>(BaseClass.java:28)
at msa4.sba.utilities.Reports.<init>(Reports.java:16)
at msa4.sba.utilities.BaseClass.<init>(BaseClass.java:28)
at msa4.sba.utilities.Reports.<init>(Reports.java:16)
at msa4.sba.utilities.BaseClass.<init>(BaseClass.java:28)
at msa4.sba.utilities.Reports.<init>(Reports.java:16)
at msa4.sba.utilities.BaseClass.<init>(BaseClass.java:28)
at msa4.sba.utilities.Reports.<init>(Reports.java:16)
at msa4.sba.utilities.BaseClass.<init>(BaseClass.java:28)
at msa4.sba.utilities.Reports.<init>(Reports.java:16)
at msa4.sba.utilities.BaseClass.<init>(BaseClass.java:28)
at msa4.sba.utilities.Reports.<init>(Reports.java:16)
at msa4.sba.utilities.BaseClass.<init>(BaseClass.java:28)
at msa4.sba.utilities.Reports.<init>(Reports.java:16)
at msa4.sba.utilities.BaseClass.<init>(BaseClass.java:28)
at msa4.sba.utilities.Reports.<init>(Reports.java:16)
at msa4.sba.utilities.BaseClass.<init>(BaseClass.java:28)
at msa4.sba.utilities.Reports.<init>(Reports.java:16)
at msa4.sba.utilities.BaseClass.<init>(BaseClass.java:28)
at msa4.sba.utilities.Reports.<init>(Reports.java:16)
at msa4.sba.utilities.BaseClass.<init>(BaseClass.java:28)
at msa4.sba.utilities.Reports.<init>(Reports.java:16)
at msa4.sba.utilities.BaseClass.<init>(BaseClass.java:28)
at msa4.sba.utilities.Reports.<init>(Reports.java:16)
at msa4.sba.utilities.BaseClass.<init>(BaseClass.java:28)
at msa4.sba.utilities.Reports.<init>(Reports.java:16)
at msa4.sba.utilities.BaseClass.<init>(BaseClass.java:28)
at msa4.sba.utilities.Reports.<init>(Reports.java:16)
at msa4.sba.utilities.BaseClass.<init>(BaseClass.java:28)
at msa4.sba.utilities.Reports.<init>(Reports.java:16)
at msa4.sba.utilities.BaseClass.<init>(BaseClass.java:28)
at msa4.sba.utilities.Reports.<init>(Reports.java:16)
at msa4.sba.utilities.BaseClass.<init>(BaseClass.java:28)
at msa4.sba.utilities.Reports.<init>(Reports.java:16)
at msa4.sba.utilities.BaseClass.<init>(BaseClass.java:28)
at msa4.sba.utilities.Reports.<init>(Reports.java:16)
at msa4.sba.utilities.BaseClass.<init>(BaseClass.java:28)
at msa4.sba.utilities.Reports.<init>(Reports.java:16)
at msa4.sba.utilities.BaseClass.<init>(BaseClass.java:28)
at msa4.sba.utilities.Reports.<init>(Reports.java:16)
at msa4.sba.utilities.BaseClass.<init>(BaseClass.java:28)
at msa4.sba.utilities.Reports.<init>(Reports.java:16)
at msa4.sba.utilities.BaseClass.<init>(BaseClass.java:28)
at msa4.sba.utilities.Reports.<init>(Reports.java:16)
at msa4.sba.utilities.BaseClass.<init>(BaseClass.java:28)
at msa4.sba.utilities.Reports.<init>(Reports.java:16)
at msa4.sba.utilities.BaseClass.<init>(BaseClass.java:28)
at msa4.sba.utilities.Reports.<init>(Reports.java:16)
at msa4.sba.utilities.BaseClass.<init>(BaseClass.java:28)
at msa4.sba.utilities.Reports.<init>(Reports.java:16)
at msa4.sba.utilities.BaseClass.<init>(BaseClass.java:28)
at msa4.sba.utilities.Reports.<init>(Reports.java:16)
at msa4.sba.utilities.BaseClass.<init>(BaseClass.java:28)
at msa4.sba.utilities.Reports.<init>(Reports.java:16)
at msa4.sba.utilities.BaseClass.<init>(BaseClass.java:28)
at msa4.sba.utilities.Reports.<init>(Reports.java:16)
at msa4.sba.utilities.BaseClass.<init>(BaseClass.java:28)
at msa4.sba.utilities.Reports.<init>(Reports.java:16)
at msa4.sba.utilities.BaseClass.<init>(BaseClass.java:28)
at msa4.sba.utilities.Reports.<init>(Reports.java:16)
at msa4.sba.utilities.BaseClass.<init>(BaseClass.java:28)
at msa4.sba.utilities.Reports.<init>(Reports.java:16)
at msa4.sba.utilities.BaseClass.<init>(BaseClass.java:28)
at msa4.sba.utilities.Reports.<init>(Reports.java:16)
at msa4.sba.utilities.BaseClass.<init>(BaseClass.java:28)
at msa4.sba.utilities.Reports.<init>(Reports.java:16)
at msa4.sba.utilities.BaseClass.<init>(BaseClass.java:28)
at msa4.sba.utilities.Reports.<init>(Reports.java:16)
at msa4.sba.utilities.BaseClass.<init>(BaseClass.java:28)
at msa4.sba.utilities.Reports.<init>(Reports.java:16)
at msa4.sba.utilities.BaseClass.<init>(BaseClass.java:28)
at msa4.sba.utilities.Reports.<init>(Reports.java:16)
at msa4.sba.utilities.BaseClass.<init>(BaseClass.java:28)
at msa4.sba.utilities.Reports.<init>(Reports.java:16)
at msa4.sba.utilities.BaseClass.<init>(BaseClass.java:28)
at msa4.sba.utilities.Reports.<init>(Reports.java:16)
at msa4.sba.utilities.BaseClass.<init>(BaseClass.java:28)
at msa4.sba.utilities.Reports.<init>(Reports.java:16)
at msa4.sba.utilities.BaseClass.<init>(BaseClass.java:28)
at msa4.sba.utilities.Reports.<init>(Reports.java:16)
at msa4.sba.utilities.BaseClass.<init>(BaseClass.java:28)
at msa4.sba.utilities.Reports.<init>(Reports.java:16)
at msa4.sba.utilities.BaseClass.<init>(BaseClass.java:28)
at msa4.sba.utilities.Reports.<init>(Reports.java:16)
at msa4.sba.utilities.BaseClass.<init>(BaseClass.java:28)
at msa4.sba.utilities.Reports.<init>(Reports.java:16)
at msa4.sba.utilities.BaseClass.<init>(BaseClass.java:28)
at msa4.sba.utilities.Reports.<init>(Reports.java:16)
at msa4.sba.utilities.BaseClass.<init>(BaseClass.java:28)
at msa4.sba.utilities.Reports.<init>(Reports.java:16)
at msa4.sba.utilities.BaseClass.<init>(BaseClass.java:28)
at msa4.sba.utilities.Reports.<init>(Reports.java:16)
at msa4.sba.utilities.BaseClass.<init>(BaseClass.java:28)
at msa4.sba.utilities.Reports.<init>(Reports.java:16)
at msa4.sba.utilities.BaseClass.<init>(BaseClass.java:28)
at msa4.sba.utilities.Reports.<init>(Reports.java:16)
at msa4.sba.utilities.BaseClass.<init>(BaseClass.java:28)
at msa4.sba.utilities.Reports.<init>(Reports.java:16)
at msa4.sba.utilities.BaseClass.<init>(BaseClass.java:28)
at msa4.sba.utilities.Reports.<init>(Reports.java:16)
at msa4.sba.utilities.BaseClass.<init>(BaseClass.java:28)
at msa4.sba.utilities.Reports.<init>(Reports.java:16)
at msa4.sba.utilities.BaseClass.<init>(BaseClass.java:28)
at msa4.sba.utilities.Reports.<init>(Reports.java:16)
at msa4.sba.utilities.BaseClass.<init>(BaseClass.java:28)
at msa4.sba.utilities.Reports.<init>(Reports.java:16)
at msa4.sba.utilities.BaseClass.<init>(BaseClass.java:28)
at msa4.sba.utilities.Reports.<init>(Reports.java:16)
at msa4.sba.utilities.BaseClass.<init>(BaseClass.java:28)
at msa4.sba.utilities.Reports.<init>(Reports.java:16)
at msa4.sba.utilities.BaseClass.<init>(BaseClass.java:28)
at msa4.sba.utilities.Reports.<init>(Reports.java:16)
at msa4.sba.utilities.BaseClass.<init>(BaseClass.java:28)
at msa4.sba.utilities.Reports.<init>(Reports.java:16)
at msa4.sba.utilities.BaseClass.<init>(BaseClass.java:28)
at msa4.sba.utilities.Reports.<init>(Reports.java:16)
at msa4.sba.utilities.BaseClass.<init>(BaseClass.java:28)
at msa4.sba.utilities.Reports.<init>(Reports.java:16)
at msa4.sba.utilities.BaseClass.<init>(BaseClass.java:28)
at msa4.sba.utilities.Reports.<init>(Reports.java:16)
at msa4.sba.utilities.BaseClass.<init>(BaseClass.java:28)
at msa4.sba.utilities.Reports.<init>(Reports.java:16)
at msa4.sba.utilities.BaseClass.<init>(BaseClass.java:28)
at msa4.sba.utilities.Reports.<init>(Reports.java:16)
at msa4.sba.utilities.BaseClass.<init>(BaseClass.java:28)
at msa4.sba.utilities.Reports.<init>(Reports.java:16)
at msa4.sba.utilities.BaseClass.<init>(BaseClass.java:28)
at msa4.sba.utilities.Reports.<init>(Reports.java:16)
at msa4.sba.utilities.BaseClass.<init>(BaseClass.java:28)
at msa4.sba.utilities.Reports.<init>(Reports.java:16)
at msa4.sba.utilities.BaseClass.<init>(BaseClass.java:28)
at msa4.sba.utilities.Reports.<init>(Reports.java:16)
at msa4.sba.utilities.BaseClass.<init>(BaseClass.java:28)
at msa4.sba.utilities.Reports.<init>(Reports.java:16)
at msa4.sba.utilities.BaseClass.<init>(BaseClass.java:28)
at msa4.sba.utilities.Reports.<init>(Reports.java:16)
at msa4.sba.utilities.BaseClass.<init>(BaseClass.java:28)
at msa4.sba.utilities.Reports.<init>(Reports.java:16)
at msa4.sba.utilities.BaseClass.<init>(BaseClass.java:28)
at msa4.sba.utilities.Reports.<init>(Reports.java:16)
at msa4.sba.utilities.BaseClass.<init>(BaseClass.java:28)
at msa4.sba.utilities.Reports.<init>(Reports.java:16)
at msa4.sba.utilities.BaseClass.<init>(BaseClass.java:28)
at msa4.sba.utilities.Reports.<init>(Reports.java:16)
at msa4.sba.utilities.BaseClass.<init>(BaseClass.java:28)
at msa4.sba.utilities.Reports.<init>(Reports.java:16)
at msa4.sba.utilities.BaseClass.<init>(BaseClass.java:28)
at msa4.sba.utilities.Reports.<init>(Reports.java:16)
at msa4.sba.utilities.BaseClass.<init>(BaseClass.java:28)
at msa4.sba.utilities.Reports.<init>(Reports.java:16)
at msa4.sba.utilities.BaseClass.<init>(BaseClass.java:28)
at msa4.sba.utilities.Reports.<init>(Reports.java:16)
at msa4.sba.utilities.BaseClass.<init>(BaseClass.java:28)
at msa4.sba.utilities.Reports.<init>(Reports.java:16)
at msa4.sba.utilities.BaseClass.<init>(BaseClass.java:28)
at msa4.sba.utilities.Reports.<init>(Reports.java:16)
at msa4.sba.utilities.BaseClass.<init>(BaseClass.java:28)
at msa4.sba.utilities.Reports.<init>(Reports.java:16)
at msa4.sba.utilities.BaseClass.<init>(BaseClass.java:28)
at msa4.sba.utilities.Reports.<init>(Reports.java:16)
at msa4.sba.utilities.BaseClass.<init>(BaseClass.java:28)
at msa4.sba.utilities.Reports.<init>(Reports.java:16)
at msa4.sba.utilities.BaseClass.<init>(BaseClass.java:28)
at msa4.sba.utilities.Reports.<init>(Reports.java:16)
at msa4.sba.utilities.BaseClass.<init>(BaseClass.java:28)
at msa4.sba.utilities.Reports.<init>(Reports.java:16)
at msa4.sba.utilities.BaseClass.<init>(BaseClass.java:28)
at msa4.sba.utilities.Reports.<init>(Reports.java:16)
at msa4.sba.utilities.BaseClass.<init>(BaseClass.java:28)
at msa4.sba.utilities.Reports.<init>(Reports.java:16)
at msa4.sba.utilities.BaseClass.<init>(BaseClass.java:28)
at msa4.sba.utilities.Reports.<init>(Reports.java:16)
at msa4.sba.utilities.BaseClass.<init>(BaseClass.java:28)
at msa4.sba.utilities.Reports.<init>(Reports.java:16)
at msa4.sba.utilities.BaseClass.<init>(BaseClass.java:28)
at msa4.sba.utilities.Reports.<init>(Reports.java:16)
at msa4.sba.utilities.BaseClass.<init>(BaseClass.java:28)
at msa4.sba.utilities.Reports.<init>(Reports.java:16)
at msa4.sba.utilities.BaseClass.<init>(BaseClass.java:28)
at msa4.sba.utilities.Reports.<init>(Reports.java:16)
at msa4.sba.utilities.BaseClass.<init>(BaseClass.java:28)
at msa4.sba.utilities.Reports.<init>(Reports.java:16)
at msa4.sba.utilities.BaseClass.<init>(BaseClass.java:28)
at msa4.sba.utilities.Reports.<init>(Reports.java:16)
at msa4.sba.utilities.BaseClass.<init>(BaseClass.java:28)
at msa4.sba.utilities.Reports.<init>(Reports.java:16)
at msa4.sba.utilities.BaseClass.<init>(BaseClass.java:28)
at msa4.sba.utilities.Reports.<init>(Reports.java:16)
at msa4.sba.utilities.BaseClass.<init>(BaseClass.java:28)
at msa4.sba.utilities.Reports.<init>(Reports.java:16)
at msa4.sba.utilities.BaseClass.<init>(BaseClass.java:28)
at msa4.sba.utilities.Reports.<init>(Reports.java:16)
at msa4.sba.utilities.BaseClass.<init>(BaseClass.java:28)
at msa4.sba.utilities.Reports.<init>(Reports.java:16)
at msa4.sba.utilities.BaseClass.<init>(BaseClass.java:28)
at msa4.sba.utilities.Reports.<init>(Reports.java:16)
at msa4.sba.utilities.BaseClass.<init>(BaseClass.java:28)
at msa4.sba.utilities.Reports.<init>(Reports.java:16)
at msa4.sba.utilities.BaseClass.<init>(BaseClass.java:28)
at msa4.sba.utilities.Reports.<init>(Reports.java:16)
at msa4.sba.utilities.BaseClass.<init>(BaseClass.java:28)
at msa4.sba.utilities.Reports.<init>(Reports.java:16)
at msa4.sba.utilities.BaseClass.<init>(BaseClass.java:28)
at msa4.sba.utilities.Reports.<init>(Reports.java:16)
at msa4.sba.utilities.BaseClass.<init>(BaseClass.java:28)
at msa4.sba.utilities.Reports.<init>(Reports.java:16)
at msa4.sba.utilities.BaseClass.<init>(BaseClass.java:28)
at msa4.sba.utilities.Reports.<init>(Reports.java:16)
at msa4.sba.utilities.BaseClass.<init>(BaseClass.java:28)
at msa4.sba.utilities.Reports.<init>(Reports.java:16)
at msa4.sba.utilities.BaseClass.<init>(BaseClass.java:28)
at msa4.sba.utilities.Reports.<init>(Reports.java:16)
at msa4.sba.utilities.BaseClass.<init>(BaseClass.java:28)
at msa4.sba.utilities.Reports.<init>(Reports.java:16)
at msa4.sba.utilities.BaseClass.<init>(BaseClass.java:28)
at msa4.sba.utilities.Reports.<init>(Reports.java:16)
at msa4.sba.utilities.BaseClass.<init>(BaseClass.java:28)
at msa4.sba.utilities.Reports.<init>(Reports.java:16)
at msa4.sba.utilities.BaseClass.<init>(BaseClass.java:28)
at msa4.sba.utilities.Reports.<init>(Reports.java:16)
at msa4.sba.utilities.BaseClass.<init>(BaseClass.java:28)
at msa4.sba.utilities.Reports.<init>(Reports.java:16)
at msa4.sba.utilities.BaseClass.<init>(BaseClass.java:28)
at msa4.sba.utilities.Reports.<init>(Reports.java:16)
at msa4.sba.utilities.BaseClass.<init>(BaseClass.java:28)
at msa4.sba.utilities.Reports.<init>(Reports.java:16)
at msa4.sba.utilities.BaseClass.<init>(BaseClass.java:28)
at msa4.sba.utilities.Reports.<init>(Reports.java:16)
at msa4.sba.utilities.BaseClass.<init>(BaseClass.java:28)
at msa4.sba.utilities.Reports.<init>(Reports.java:16)
at msa4.sba.utilities.BaseClass.<init>(BaseClass.java:28)
at msa4.sba.utilities.Reports.<init>(Reports.java:16)
at msa4.sba.utilities.BaseClass.<init>(BaseClass.java:28)
at msa4.sba.utilities.Reports.<init>(Reports.java:16)
at msa4.sba.utilities.BaseClass.<init>(BaseClass.java:28)
at msa4.sba.utilities.Reports.<init>(Reports.java:16)
at msa4.sba.utilities.BaseClass.<init>(BaseClass.java:28)
at msa4.sba.utilities.Reports.<init>(Reports.java:16)
at msa4.sba.utilities.BaseClass.<init>(BaseClass.java:28)
at msa4.sba.utilities.Reports.<init>(Reports.java:16)
at msa4.sba.utilities.BaseClass.<init>(BaseClass.java:28)
at msa4.sba.utilities.Reports.<init>(Reports.java:16)
at msa4.sba.utilities.BaseClass.<init>(BaseClass.java:28)
at msa4.sba.utilities.Reports.<init>(Reports.java:16)
at msa4.sba.utilities.BaseClass.<init>(BaseClass.java:28)
at msa4.sba.utilities.Reports.<init>(Reports.java:16)
at msa4.sba.utilities.BaseClass.<init>(BaseClass.java:28)
at msa4.sba.utilities.Reports.<init>(Reports.java:16)
at msa4.sba.utilities.BaseClass.<init>(BaseClass.java:28)
at msa4.sba.utilities.Reports.<init>(Reports.java:16)
at msa4.sba.utilities.BaseClass.<init>(BaseClass.java:28)
at msa4.sba.utilities.Reports.<init>(Reports.java:16)
at msa4.sba.utilities.BaseClass.<init>(BaseClass.java:28)
at msa4.sba.utilities.Reports.<init>(Reports.java:16)
at msa4.sba.utilities.BaseClass.<init>(BaseClass.java:28)
at msa4.sba.utilities.Reports.<init>(Reports.java:16)
at msa4.sba.utilities.BaseClass.<init>(BaseClass.java:28)
at msa4.sba.utilities.Reports.<init>(Reports.java:16)
at msa4.sba.utilities.BaseClass.<init>(BaseClass.java:28)
at msa4.sba.utilities.Reports.<init>(Reports.java:16)
at msa4.sba.utilities.BaseClass.<init>(BaseClass.java:28)
at msa4.sba.utilities.Reports.<init>(Reports.java:16)
at msa4.sba.utilities.BaseClass.<init>(BaseClass.java:28)
at msa4.sba.utilities.Reports.<init>(Reports.java:16)
at msa4.sba.utilities.BaseClass.<init>(BaseClass.java:28)
at msa4.sba.utilities.Reports.<init>(Reports.java:16)
at msa4.sba.utilities.BaseClass.<init>(BaseClass.java:28)
at msa4.sba.utilities.Reports.<init>(Reports.java:16)
at msa4.sba.utilities.BaseClass.<init>(BaseClass.java:28)
at msa4.sba.utilities.Reports.<init>(Reports.java:16)
at msa4.sba.utilities.BaseClass.<init>(BaseClass.java:28)
at msa4.sba.utilities.Reports.<init>(Reports.java:16)
at msa4.sba.utilities.BaseClass.<init>(BaseClass.java:28)
at msa4.sba.utilities.Reports.<init>(Reports.java:16)
at msa4.sba.utilities.BaseClass.<init>(BaseClass.java:28)
at msa4.sba.utilities.Reports.<init>(Reports.java:16)
at msa4.sba.utilities.BaseClass.<init>(BaseClass.java:28)
at msa4.sba.utilities.Reports.<init>(Reports.java:16)
at msa4.sba.utilities.BaseClass.<init>(BaseClass.java:28)
at msa4.sba.utilities.Reports.<init>(Reports.java:16)
at msa4.sba.utilities.BaseClass.<init>(BaseClass.java:28)
at msa4.sba.utilities.Reports.<init>(Reports.java:16)
at msa4.sba.utilities.BaseClass.<init>(BaseClass.java:28)
at msa4.sba.utilities.Reports.<init>(Reports.java:16)
at msa4.sba.utilities.BaseClass.<init>(BaseClass.java:28)
at msa4.sba.utilities.Reports.<init>(Reports.java:16)
at msa4.sba.utilities.BaseClass.<init>(BaseClass.java:28)
at msa4.sba.utilities.Reports.<init>(Reports.java:16)
at msa4.sba.utilities.BaseClass.<init>(BaseClass.java:28)
at msa4.sba.utilities.Reports.<init>(Reports.java:16)
at msa4.sba.utilities.BaseClass.<init>(BaseClass.java:28)
at msa4.sba.utilities.Reports.<init>(Reports.java:16)
at msa4.sba.utilities.BaseClass.<init>(BaseClass.java:28)
at msa4.sba.utilities.Reports.<init>(Reports.java:16)
at msa4.sba.utilities.BaseClass.<init>(BaseClass.java:28)
at msa4.sba.utilities.Reports.<init>(Reports.java:16)
at msa4.sba.utilities.BaseClass.<init>(BaseClass.java:28)
at msa4.sba.utilities.Reports.<init>(Reports.java:16)
at msa4.sba.utilities.BaseClass.<init>(BaseClass.java:28)
at msa4.sba.utilities.Reports.<init>(Reports.java:16)
at msa4.sba.utilities.BaseClass.<init>(BaseClass.java:28)
at msa4.sba.utilities.Reports.<init>(Reports.java:16)
at msa4.sba.utilities.BaseClass.<init>(BaseClass.java:28)
at msa4.sba.utilities.Reports.<init>(Reports.java:16)
at msa4.sba.utilities.BaseClass.<init>(BaseClass.java:28)
at msa4.sba.utilities.Reports.<init>(Reports.java:16)
at msa4.sba.utilities.BaseClass.<init>(BaseClass.java:28)
at msa4.sba.utilities.Reports.<init>(Reports.java:16)
at msa4.sba.utilities.BaseClass.<init>(BaseClass.java:28)
at msa4.sba.utilities.Reports.<init>(Reports.java:16)
at msa4.sba.utilities.BaseClass.<init>(BaseClass.java:28)
at msa4.sba.utilities.Reports.<init>(Reports.java:16)
at msa4.sba.utilities.BaseClass.<init>(BaseClass.java:28)
at msa4.sba.utilities.Reports.<init>(Reports.java:16)
at msa4.sba.utilities.BaseClass.<init>(BaseClass.java:28)
at msa4.sba.utilities.Reports.<init>(Reports.java:16)
at msa4.sba.utilities.BaseClass.<init>(BaseClass.java:28)
at msa4.sba.utilities.Reports.<init>(Reports.java:16)
at msa4.sba.utilities.BaseClass.<init>(BaseClass.java:28)
at msa4.sba.utilities.Reports.<init>(Reports.java:16)
at msa4.sba.utilities.BaseClass.<init>(BaseClass.java:28)
at msa4.sba.utilities.Reports.<init>(Reports.java:16)
at msa4.sba.utilities.BaseClass.<init>(BaseClass.java:28)
at msa4.sba.utilities.Reports.<init>(Reports.java:16)
at msa4.sba.utilities.BaseClass.<init>(BaseClass.java:28)
at msa4.sba.utilities.Reports.<init>(Reports.java:16)
at msa4.sba.utilities.BaseClass.<init>(BaseClass.java:28)
at msa4.sba.utilities.Reports.<init>(Reports.java:16)
at msa4.sba.utilities.BaseClass.<init>(BaseClass.java:28)
at msa4.sba.utilities.Reports.<init>(Reports.java:16)
at msa4.sba.utilities.BaseClass.<init>(BaseClass.java:28)
at msa4.sba.utilities.Reports.<init>(Reports.java:16)
at msa4.sba.utilities.BaseClass.<init>(BaseClass.java:28)
at msa4.sba.utilities.Reports.<init>(Reports.java:16)
at msa4.sba.utilities.BaseClass.<init>(BaseClass.java:28)
at msa4.sba.utilities.Reports.<init>(Reports.java:16)
at msa4.sba.utilities.BaseClass.<init>(BaseClass.java:28)
at msa4.sba.utilities.Reports.<init>(Reports.java:16)
at msa4.sba.utilities.BaseClass.<init>(BaseClass.java:28)
at msa4.sba.utilities.Reports.<init>(Reports.java:16)
at msa4.sba.utilities.BaseClass.<init>(BaseClass.java:28)
at msa4.sba.utilities.Reports.<init>(Reports.java:16)
at msa4.sba.utilities.BaseClass.<init>(BaseClass.java:28)
at msa4.sba.utilities.Reports.<init>(Reports.java:16)
at msa4.sba.utilities.BaseClass.<init>(BaseClass.java:28)
at msa4.sba.utilities.Reports.<init>(Reports.java:16)
at msa4.sba.utilities.BaseClass.<init>(BaseClass.java:28)
at msa4.sba.utilities.Reports.<init>(Reports.java:16)
at msa4.sba.utilities.BaseClass.<init>(BaseClass.java:28)
at msa4.sba.utilities.Reports.<init>(Reports.java:16)
at msa4.sba.utilities.BaseClass.<init>(BaseClass.java:28)
at msa4.sba.utilities.Reports.<init>(Reports.java:16)
at msa4.sba.utilities.BaseClass.<init>(BaseClass.java:28)
at msa4.sba.utilities.Reports.<init>(Reports.java:16)
at msa4.sba.utilities.BaseClass.<init>(BaseClass.java:28)
at msa4.sba.utilities.Reports.<init>(Reports.java:16)
at msa4.sba.utilities.BaseClass.<init>(BaseClass.java:28)
at msa4.sba.utilities.Reports.<init>(Reports.java:16)
at msa4.sba.utilities.BaseClass.<init>(BaseClass.java:28)
at msa4.sba.utilities.Reports.<init>(Reports.java:16)
at msa4.sba.utilities.BaseClass.<init>(BaseClass.java:28)
at msa4.sba.utilities.Reports.<init>(Reports.java:16)
at msa4.sba.utilities.BaseClass.<init>(BaseClass.java:28)
at msa4.sba.utilities.Reports.<init>(Reports.java:16)
at msa4.sba.utilities.BaseClass.<init>(BaseClass.java:28)
at msa4.sba.utilities.Reports.<init>(Reports.java:16)
at msa4.sba.utilities.BaseClass.<init>(BaseClass.java:28)
at msa4.sba.utilities.Reports.<init>(Reports.java:16)
at msa4.sba.utilities.BaseClass.<init>(BaseClass.java:28)
at msa4.sba.utilities.Reports.<init>(Reports.java:16)
at msa4.sba.utilities.BaseClass.<init>(BaseClass.java:28)
at msa4.sba.utilities.Reports.<init>(Reports.java:16)
at msa4.sba.utilities.BaseClass.<init>(BaseClass.java:28)
at msa4.sba.utilities.Reports.<init>(Reports.java:16)
at msa4.sba.utilities.BaseClass.<init>(BaseClass.java:28)
at msa4.sba.utilities.Reports.<init>(Reports.java:16)
at msa4.sba.utilities.BaseClass.<init>(BaseClass.java:28)
at msa4.sba.utilities.Reports.<init>(Reports.java:16)
at msa4.sba.utilities.BaseClass.<init>(BaseClass.java:28)
at msa4.sba.utilities.Reports.<init>(Reports.java:16)
at msa4.sba.utilities.BaseClass.<init>(BaseClass.java:28)
at msa4.sba.utilities.Reports.<init>(Reports.java:16)
at msa4.sba.utilities.BaseClass.<init>(BaseClass.java:28)
at msa4.sba.utilities.Reports.<init>(Reports.java:16)
at msa4.sba.utilities.BaseClass.<init>(BaseClass.java:28)
at msa4.sba.utilities.Reports.<init>(Reports.java:16)
at msa4.sba.utilities.BaseClass.<init>(BaseClass.java:28)
at msa4.sba.utilities.Reports.<init>(Reports.java:16)
at msa4.sba.utilities.BaseClass.<init>(BaseClass.java:28)
at msa4.sba.utilities.Reports.<init>(Reports.java:16)
at msa4.sba.utilities.BaseClass.<init>(BaseClass.java:28)
at msa4.sba.utilities.Reports.<init>(Reports.java:16)
at msa4.sba.utilities.BaseClass.<init>(BaseClass.java:28)
at msa4.sba.utilities.Reports.<init>(Reports.java:16)
at msa4.sba.utilities.BaseClass.<init>(BaseClass.java:28)
at msa4.sba.utilities.Reports.<init>(Reports.java:16)
at msa4.sba.utilities.BaseClass.<init>(BaseClass.java:28)
at msa4.sba.utilities.Reports.<init>(Reports.java:16)
at msa4.sba.utilities.BaseClass.<init>(BaseClass.java:28)
at msa4.sba.utilities.Reports.<init>(Reports.java:16)
at msa4.sba.utilities.BaseClass.<init>(BaseClass.java:28)
at msa4.sba.utilities.Reports.<init>(Reports.java:16)
at msa4.sba.utilities.BaseClass.<init>(BaseClass.java:28)
at msa4.sba.utilities.Reports.<init>(Reports.java:16)
at msa4.sba.utilities.BaseClass.<init>(BaseClass.java:28)
at msa4.sba.utilities.Reports.<init>(Reports.java:16)
at msa4.sba.utilities.BaseClass.<init>(BaseClass.java:28)
at msa4.sba.utilities.Reports.<init>(Reports.java:16)
at msa4.sba.utilities.BaseClass.<init>(BaseClass.java:28)
at msa4.sba.utilities.Reports.<init>(Reports.java:16)
at msa4.sba.utilities.BaseClass.<init>(BaseClass.java:28)
at msa4.sba.utilities.Reports.<init>(Reports.java:16)
at msa4.sba.utilities.BaseClass.<init>(BaseClass.java:28)
at msa4.sba.utilities.Reports.<init>(Reports.java:16)
at msa4.sba.utilities.BaseClass.<init>(BaseClass.java:28)
at msa4.sba.utilities.Reports.<init>(Reports.java:16)
at msa4.sba.utilities.BaseClass.<init>(BaseClass.java:28)
at msa4.sba.utilities.Reports.<init>(Reports.java:16)
at msa4.sba.utilities.BaseClass.<init>(BaseClass.java:28)
at msa4.sba.utilities.Reports.<init>(Reports.java:16)
at msa4.sba.utilities.BaseClass.<init>(BaseClass.java:28)
at msa4.sba.utilities.Reports.<init>(Reports.java:16)
at msa4.sba.utilities.BaseClass.<init>(BaseClass.java:28)
at msa4.sba.utilities.Reports.<init>(Reports.java:16)
at msa4.sba.utilities.BaseClass.<init>(BaseClass.java:28)
at msa4.sba.utilities.Reports.<init>(Reports.java:16)
at msa4.sba.utilities.BaseClass.<init>(BaseClass.java:28)
at msa4.sba.utilities.Reports.<init>(Reports.java:16)
at msa4.sba.utilities.BaseClass.<init>(BaseClass.java:28)
at msa4.sba.utilities.Reports.<init>(Reports.java:16)
at msa4.sba.utilities.BaseClass.<init>(BaseClass.java:28)
at msa4.sba.utilities.Reports.<init>(Reports.java:16)
at msa4.sba.utilities.BaseClass.<init>(BaseClass.java:28)
at msa4.sba.utilities.Reports.<init>(Reports.java:16)
at msa4.sba.utilities.BaseClass.<init>(BaseClass.java:28)
at msa4.sba.utilities.Reports.<init>(Reports.java:16)
at msa4.sba.utilities.BaseClass.<init>(BaseClass.java:28)
at msa4.sba.utilities.Reports.<init>(Reports.java:16)
at msa4.sba.utilities.BaseClass.<init>(BaseClass.java:28)
at msa4.sba.utilities.Reports.<init>(Reports.java:16)
at msa4.sba.utilities.BaseClass.<init>(BaseClass.java:28)
at msa4.sba.utilities.Reports.<init>(Reports.java:16)
at msa4.sba.utilities.BaseClass.<init>(BaseClass.java:28)
at msa4.sba.utilities.Reports.<init>(Reports.java:16)
at msa4.sba.utilities.BaseClass.<init>(BaseClass.java:28)
at msa4.sba.utilities.Reports.<init>(Reports.java:16)
at msa4.sba.utilities.BaseClass.<init>(BaseClass.java:28)
at msa4.sba.utilities.Reports.<init>(Reports.java:16)
at msa4.sba.utilities.BaseClass.<init>(BaseClass.java:28)
at msa4.sba.utilities.Reports.<init>(Reports.java:16)
at msa4.sba.utilities.BaseClass.<init>(BaseClass.java:28)
at msa4.sba.utilities.Reports.<init>(Reports.java:16)
at msa4.sba.utilities.BaseClass.<init>(BaseClass.java:28)
at msa4.sba.utilities.Reports.<init>(Reports.java:16)
at msa4.sba.utilities.BaseClass.<init>(BaseClass.java:28)
at msa4.sba.utilities.Reports.<init>(Reports.java:16)
at msa4.sba.utilities.BaseClass.<init>(BaseClass.java:28)
at msa4.sba.utilities.Reports.<init>(Reports.java:16)
at msa4.sba.utilities.BaseClass.<init>(BaseClass.java:28)
at msa4.sba.utilities.Reports.<init>(Reports.java:16)
at msa4.sba.utilities.BaseClass.<init>(BaseClass.java:28)
at msa4.sba.utilities.Reports.<init>(Reports.java:16)
at msa4.sba.utilities.BaseClass.<init>(BaseClass.java:28)
at msa4.sba.utilities.Reports.<init>(Reports.java:16)
at msa4.sba.utilities.BaseClass.<init>(BaseClass.java:28)
at msa4.sba.utilities.Reports.<init>(Reports.java:16)
at msa4.sba.utilities.BaseClass.<init>(BaseClass.java:28)
at msa4.sba.utilities.Reports.<init>(Reports.java:16)
at msa4.sba.utilities.BaseClass.<init>(BaseClass.java:28)
at msa4.sba.utilities.Reports.<init>(Reports.java:16)
at msa4.sba.utilities.BaseClass.<init>(BaseClass.java:28)
at msa4.sba.utilities.Reports.<init>(Reports.java:16)
at msa4.sba.utilities.BaseClass.<init>(BaseClass.java:28)
]]>
    </error>
  </testcase> <!-- extentReport -->
  <system-out/>
  <testcase classname="msa4.sba.runner.Runner" name="footerClickAndCheck" time="0.000">
    <skipped/>
  </testcase> <!-- footerClickAndCheck -->
  <system-out/>
  <testcase classname="msa4.sba.runner.Runner" name="stringSearchAndCheck" time="0.000">
    <skipped/>
  </testcase> <!-- stringSearchAndCheck -->
  <system-out/>
  <testcase classname="msa4.sba.runner.Runner" name="hoverClickAndCheck" time="0.000">
    <skipped/>
  </testcase> <!-- hoverClickAndCheck -->
  <system-out/>
</testsuite> <!-- msa4.sba.runner.Runner -->
