<?xml version="1.0" encoding="UTF-8"?>
<!-- Generated by org.testng.reporters.JUnitReportReporter -->
<testsuite hostname="MT-4QQN6L3" failures="0" tests="1" name="msa4.sba.runner.tmp" time="23.464" errors="0" timestamp="2022-07-18T16:35:04 IST" skipped="0">
  <testcase classname="msa4.sba.runner.tmp" name="test" time="23.464"/>
  <system-out/>
</testsuite> <!-- msa4.sba.runner.tmp -->
