<?xml version="1.0" encoding="UTF-8"?>
<!-- Generated by org.testng.reporters.JUnitReportReporter -->
<testsuite hostname="MT-4QQN6L3" failures="0" tests="2" name="cucumber.runner.CucumberRunner" time="30.213" errors="0" timestamp="2022-07-12T00:29:05 IST" skipped="0">
  <testcase classname="cucumber.runner.CucumberRunner" name="runScenario" time="11.620"/>
  <system-out/>
  <testcase classname="cucumber.runner.CucumberRunner" name="runScenario" time="18.593"/>
  <system-out/>
</testsuite> <!-- cucumber.runner.CucumberRunner -->
